0 info it worked if it ends with ok
1 verbose cli [ '/home/hadi/.nvm/versions/node/v5.4.1/bin/node',
1 verbose cli   '/home/hadi/.nvm/versions/node/v5.4.1/bin/npm',
1 verbose cli   'i',
1 verbose cli   'reactive-handlebars' ]
2 info using npm@3.3.12
3 info using node@v5.4.1
4 silly loadCurrentTree Starting
5 silly install loadCurrentTree
6 silly install readLocalPackageData
7 silly fetchPackageMetaData reactive-handlebars
8 silly fetchNamedPackageData reactive-handlebars
9 silly mapToRegistry name reactive-handlebars
10 silly mapToRegistry using default registry
11 silly mapToRegistry registry https://registry.npmjs.org/
12 silly mapToRegistry uri https://registry.npmjs.org/reactive-handlebars
13 verbose request uri https://registry.npmjs.org/reactive-handlebars
14 verbose request no auth needed
15 info attempt registry request try #1 at 11:35:26 PM
16 verbose request using bearer token for auth
17 verbose request id 516f2e62414fbbfc
18 http request GET https://registry.npmjs.org/reactive-handlebars
19 http 200 https://registry.npmjs.org/reactive-handlebars
20 verbose headers { server: 'CouchDB/1.6.1 (Erlang OTP/R16B03)',
20 verbose headers   etag: '"70525MCO18LH66RFDHZVNBCQT"',
20 verbose headers   'content-type': 'application/json',
20 verbose headers   'content-encoding': 'gzip',
20 verbose headers   'cache-control': 'max-age=300',
20 verbose headers   'transfer-encoding': 'chunked',
20 verbose headers   'accept-ranges': 'bytes',
20 verbose headers   date: 'Tue, 18 Oct 2016 03:35:27 GMT',
20 verbose headers   via: '1.1 varnish',
20 verbose headers   connection: 'keep-alive',
20 verbose headers   'x-served-by': 'cache-iad2646-IAD',
20 verbose headers   'x-cache': 'MISS',
20 verbose headers   'x-cache-hits': '0',
20 verbose headers   'x-timer': 'S1476761726.752667,VS0,VE402',
20 verbose headers   vary: 'Accept-Encoding' }
21 silly get cb [ 200,
21 silly get   { server: 'CouchDB/1.6.1 (Erlang OTP/R16B03)',
21 silly get     etag: '"70525MCO18LH66RFDHZVNBCQT"',
21 silly get     'content-type': 'application/json',
21 silly get     'content-encoding': 'gzip',
21 silly get     'cache-control': 'max-age=300',
21 silly get     'transfer-encoding': 'chunked',
21 silly get     'accept-ranges': 'bytes',
21 silly get     date: 'Tue, 18 Oct 2016 03:35:27 GMT',
21 silly get     via: '1.1 varnish',
21 silly get     connection: 'keep-alive',
21 silly get     'x-served-by': 'cache-iad2646-IAD',
21 silly get     'x-cache': 'MISS',
21 silly get     'x-cache-hits': '0',
21 silly get     'x-timer': 'S1476761726.752667,VS0,VE402',
21 silly get     vary: 'Accept-Encoding' } ]
22 verbose get saving reactive-handlebars to /home/hadi/.npm/registry.npmjs.org/reactive-handlebars/.cache.json
23 silly install normalizeTree
24 silly loadCurrentTree Finishing
25 silly loadIdealTree Starting
26 silly install loadIdealTree
27 silly cloneCurrentTree Starting
28 silly install cloneCurrentTreeToIdealTree
29 silly cloneCurrentTree Finishing
30 silly loadShrinkwrap Starting
31 silly install loadShrinkwrap
32 silly loadShrinkwrap Finishing
33 silly loadAllDepsIntoIdealTree Starting
34 silly install loadAllDepsIntoIdealTree
35 silly rollbackFailedOptional Starting
36 silly rollbackFailedOptional Finishing
37 silly runTopLevelLifecycles Starting
38 silly runTopLevelLifecycles Finishing
39 silly install printInstalled
40 verbose stack Error: Refusing to install reactive-handlebars as a dependency of itself
40 verbose stack     at checkSelf (/home/hadi/.nvm/versions/node/v5.4.1/lib/node_modules/npm/lib/install/validate-args.js:40:14)
40 verbose stack     at Array.<anonymous> (/home/hadi/.nvm/versions/node/v5.4.1/lib/node_modules/npm/node_modules/slide/lib/bind-actor.js:15:8)
40 verbose stack     at LOOP (/home/hadi/.nvm/versions/node/v5.4.1/lib/node_modules/npm/node_modules/slide/lib/chain.js:15:14)
40 verbose stack     at chain (/home/hadi/.nvm/versions/node/v5.4.1/lib/node_modules/npm/node_modules/slide/lib/chain.js:20:5)
40 verbose stack     at /home/hadi/.nvm/versions/node/v5.4.1/lib/node_modules/npm/lib/install/validate-args.js:15:5
40 verbose stack     at /home/hadi/.nvm/versions/node/v5.4.1/lib/node_modules/npm/node_modules/slide/lib/async-map.js:52:35
40 verbose stack     at Array.forEach (native)
40 verbose stack     at /home/hadi/.nvm/versions/node/v5.4.1/lib/node_modules/npm/node_modules/slide/lib/async-map.js:52:11
40 verbose stack     at Array.forEach (native)
40 verbose stack     at asyncMap (/home/hadi/.nvm/versions/node/v5.4.1/lib/node_modules/npm/node_modules/slide/lib/async-map.js:51:8)
41 verbose cwd /home/hadi/Desktop/code-place/reactive-handlebars
42 error Linux 3.19.0-66-generic
43 error argv "/home/hadi/.nvm/versions/node/v5.4.1/bin/node" "/home/hadi/.nvm/versions/node/v5.4.1/bin/npm" "i" "reactive-handlebars"
44 error node v5.4.1
45 error npm  v3.3.12
46 error code ENOSELF
47 error Refusing to install reactive-handlebars as a dependency of itself
48 error If you need help, you may report this error at:
48 error     <https://github.com/npm/npm/issues>
49 verbose exit [ 1, true ]
